<?xml version="1.0" encoding="UTF-8"?>
<testng-results ignored="0" total="2" passed="2" failed="0" skipped="0">
  <reporter-output>
  </reporter-output>
  <suite started-at="2024-07-02T12:10:24 GMT-04:00" name="Default suite" finished-at="2024-07-02T12:10:33 GMT-04:00" duration-ms="9585">
    <groups>
    </groups>
    <test started-at="2024-07-02T12:10:24 GMT-04:00" name="Default test" finished-at="2024-07-02T12:10:33 GMT-04:00" duration-ms="9585">
      <class name="selenium_assignments.Assignment4_1">
        <test-method is-config="true" signature="Before()[pri:0, instance:selenium_assignments.Assignment4_1@8a589a2]" started-at="2024-07-02T12:10:24 GMT-04:00" name="Before" finished-at="2024-07-02T12:10:29 GMT-04:00" duration-ms="5548" status="PASS">
          <reporter-output>
          </reporter-output>
        </test-method> <!-- Before -->
        <test-method signature="print(java.lang.String,java.lang.String)[pri:0, instance:selenium_assignments.Assignment4_1@8a589a2]" started-at="2024-07-02T12:10:31 GMT-04:00" name="print" data-provider="logindetails" finished-at="2024-07-02T12:10:32 GMT-04:00" duration-ms="1511" status="PASS">
          <params>
            <param index="0">
              <value>
                <![CDATA[veerapratap97@gmail.com]]>
              </value>
            </param>
            <param index="1">
              <value>
                <![CDATA[qwerty]]>
              </value>
            </param>
          </params>
          <reporter-output>
          </reporter-output>
        </test-method> <!-- print -->
        <test-method signature="print(java.lang.String,java.lang.String)[pri:0, instance:selenium_assignments.Assignment4_1@8a589a2]" started-at="2024-07-02T12:10:32 GMT-04:00" name="print" data-provider="logindetails" finished-at="2024-07-02T12:10:33 GMT-04:00" duration-ms="1126" status="PASS">
          <params>
            <param index="0">
              <value>
                <![CDATA[sejalkumar16@gmail.com]]>
              </value>
            </param>
            <param index="1">
              <value>
                <![CDATA[qwertyuiop]]>
              </value>
            </param>
          </params>
          <reporter-output>
          </reporter-output>
        </test-method> <!-- print -->
        <test-method is-config="true" signature="closing()[pri:0, instance:selenium_assignments.Assignment4_1@8a589a2]" started-at="2024-07-02T12:10:33 GMT-04:00" name="closing" finished-at="2024-07-02T12:10:33 GMT-04:00" duration-ms="114" status="PASS">
          <reporter-output>
          </reporter-output>
        </test-method> <!-- closing -->
      </class> <!-- selenium_assignments.Assignment4_1 -->
    </test> <!-- Default test -->
  </suite> <!-- Default suite -->
</testng-results>
